<component name="libraryTable">
  <library name="junit.vintage.engine" type="repository">
    <properties maven-id="org.junit.vintage:junit-vintage-engine:5.3.2" />
    <CLASSES>
      <root url="jar://$MAVEN_REPOSITORY$/org/junit/vintage/junit-vintage-engine/5.3.2/junit-vintage-engine-5.3.2.jar!/" />
      <root url="jar://$MAVEN_REPOSITORY$/org/apiguardian/apiguardian-api/1.0.0/apiguardian-api-1.0.0.jar!/" />
      <root url="jar://$MAVEN_REPOSITORY$/org/junit/platform/junit-platform-engine/1.3.2/junit-platform-engine-1.3.2.jar!/" />
      <root url="jar://$MAVEN_REPOSITORY$/org/junit/platform/junit-platform-commons/1.3.2/junit-platform-commons-1.3.2.jar!/" />
      <root url="jar://$MAVEN_REPOSITORY$/org/opentest4j/opentest4j/1.1.1/opentest4j-1.1.1.jar!/" />
      <root url="jar://$MAVEN_REPOSITORY$/junit/junit/4.12/junit-4.12.jar!/" />
      <root url="jar://$MAVEN_REPOSITORY$/org/hamcrest/hamcrest-core/1.3/hamcrest-core-1.3.jar!/" />
    </CLASSES>
    <JAVADOC />
    <SOURCES />
  </library>
</component>